=== SIDEGUY SCALE RUN @ 20251230-1758 ===
✓ Homepage backed up
↪ Exists, skipping: who-do-i-call-for-hvac-after-hours-san-diego.html
↪ Exists, skipping: who-do-i-call-for-hvac-emergency-san-diego.html
↪ Exists, skipping: who-do-i-call-for-hvac-no-response-san-diego.html
✓ Created who-do-i-call-for-hvac-urgent-san-diego.html
✓ Created who-do-i-call-for-hvac-cost-estimate-san-diego.html
✓ Created who-do-i-call-for-hvac-pricing-san-diego.html
✓ Created who-do-i-call-for-hvac-same-day-san-diego.html
✓ Created who-do-i-call-for-hvac-weekend-san-diego.html
✓ Created who-do-i-call-for-hvac-insurance-question-san-diego.html
✓ Created who-do-i-call-for-hvac-second-opinion-san-diego.html
↪ Exists, skipping: who-do-i-call-for-plumbing-after-hours-san-diego.html
↪ Exists, skipping: who-do-i-call-for-plumbing-emergency-san-diego.html
↪ Exists, skipping: who-do-i-call-for-plumbing-no-response-san-diego.html
✓ Created who-do-i-call-for-plumbing-urgent-san-diego.html
✓ Created who-do-i-call-for-plumbing-cost-estimate-san-diego.html
✓ Created who-do-i-call-for-plumbing-pricing-san-diego.html
✓ Created who-do-i-call-for-plumbing-same-day-san-diego.html
✓ Created who-do-i-call-for-plumbing-weekend-san-diego.html
✓ Created who-do-i-call-for-plumbing-insurance-question-san-diego.html
✓ Created who-do-i-call-for-plumbing-second-opinion-san-diego.html
↪ Exists, skipping: who-do-i-call-for-electrical-after-hours-san-diego.html
↪ Exists, skipping: who-do-i-call-for-electrical-emergency-san-diego.html
↪ Exists, skipping: who-do-i-call-for-electrical-no-response-san-diego.html
✓ Created who-do-i-call-for-electrical-urgent-san-diego.html
✓ Created who-do-i-call-for-electrical-cost-estimate-san-diego.html
✓ Created who-do-i-call-for-electrical-pricing-san-diego.html
✓ Created who-do-i-call-for-electrical-same-day-san-diego.html
✓ Created who-do-i-call-for-electrical-weekend-san-diego.html
✓ Created who-do-i-call-for-electrical-insurance-question-san-diego.html
✓ Created who-do-i-call-for-electrical-second-opinion-san-diego.html
↪ Exists, skipping: who-do-i-call-for-roofing-after-hours-san-diego.html
↪ Exists, skipping: who-do-i-call-for-roofing-emergency-san-diego.html
↪ Exists, skipping: who-do-i-call-for-roofing-no-response-san-diego.html
✓ Created who-do-i-call-for-roofing-urgent-san-diego.html
✓ Created who-do-i-call-for-roofing-cost-estimate-san-diego.html
✓ Created who-do-i-call-for-roofing-pricing-san-diego.html
✓ Created who-do-i-call-for-roofing-same-day-san-diego.html
✓ Created who-do-i-call-for-roofing-weekend-san-diego.html
✓ Created who-do-i-call-for-roofing-insurance-question-san-diego.html
✓ Created who-do-i-call-for-roofing-second-opinion-san-diego.html
↪ Exists, skipping: who-do-i-call-for-foundation-after-hours-san-diego.html
↪ Exists, skipping: who-do-i-call-for-foundation-emergency-san-diego.html
↪ Exists, skipping: who-do-i-call-for-foundation-no-response-san-diego.html
✓ Created who-do-i-call-for-foundation-urgent-san-diego.html
✓ Created who-do-i-call-for-foundation-cost-estimate-san-diego.html
✓ Created who-do-i-call-for-foundation-pricing-san-diego.html
✓ Created who-do-i-call-for-foundation-same-day-san-diego.html
✓ Created who-do-i-call-for-foundation-weekend-san-diego.html
✓ Created who-do-i-call-for-foundation-insurance-question-san-diego.html
✓ Created who-do-i-call-for-foundation-second-opinion-san-diego.html
✓ Created who-do-i-call-for-emergency-repair-after-hours-san-diego.html
✓ Created who-do-i-call-for-emergency-repair-emergency-san-diego.html
✓ Created who-do-i-call-for-emergency-repair-no-response-san-diego.html
✓ Created who-do-i-call-for-emergency-repair-urgent-san-diego.html
✓ Created who-do-i-call-for-emergency-repair-cost-estimate-san-diego.html
✓ Created who-do-i-call-for-emergency-repair-pricing-san-diego.html
✓ Created who-do-i-call-for-emergency-repair-same-day-san-diego.html
✓ Created who-do-i-call-for-emergency-repair-weekend-san-diego.html
✓ Created who-do-i-call-for-emergency-repair-insurance-question-san-diego.html
✓ Created who-do-i-call-for-emergency-repair-second-opinion-san-diego.html
↪ Exists, skipping: who-do-i-call-for-software-help-after-hours-san-diego.html
↪ Exists, skipping: who-do-i-call-for-software-help-emergency-san-diego.html
↪ Exists, skipping: who-do-i-call-for-software-help-no-response-san-diego.html
✓ Created who-do-i-call-for-software-help-urgent-san-diego.html
✓ Created who-do-i-call-for-software-help-cost-estimate-san-diego.html
✓ Created who-do-i-call-for-software-help-pricing-san-diego.html
✓ Created who-do-i-call-for-software-help-same-day-san-diego.html
✓ Created who-do-i-call-for-software-help-weekend-san-diego.html
✓ Created who-do-i-call-for-software-help-insurance-question-san-diego.html
✓ Created who-do-i-call-for-software-help-second-opinion-san-diego.html
↪ Exists, skipping: who-do-i-call-for-payment-processing-after-hours-san-diego.html
↪ Exists, skipping: who-do-i-call-for-payment-processing-emergency-san-diego.html
↪ Exists, skipping: who-do-i-call-for-payment-processing-no-response-san-diego.html
✓ Created who-do-i-call-for-payment-processing-urgent-san-diego.html
✓ Created who-do-i-call-for-payment-processing-cost-estimate-san-diego.html
✓ Created who-do-i-call-for-payment-processing-pricing-san-diego.html
✓ Created who-do-i-call-for-payment-processing-same-day-san-diego.html
✓ Created who-do-i-call-for-payment-processing-weekend-san-diego.html
✓ Created who-do-i-call-for-payment-processing-insurance-question-san-diego.html
✓ Created who-do-i-call-for-payment-processing-second-opinion-san-diego.html
✓ Created who-do-i-call-for-ai-business-help-after-hours-san-diego.html
✓ Created who-do-i-call-for-ai-business-help-emergency-san-diego.html
✓ Created who-do-i-call-for-ai-business-help-no-response-san-diego.html
✓ Created who-do-i-call-for-ai-business-help-urgent-san-diego.html
✓ Created who-do-i-call-for-ai-business-help-cost-estimate-san-diego.html
✓ Created who-do-i-call-for-ai-business-help-pricing-san-diego.html
✓ Created who-do-i-call-for-ai-business-help-same-day-san-diego.html
✓ Created who-do-i-call-for-ai-business-help-weekend-san-diego.html
✓ Created who-do-i-call-for-ai-business-help-insurance-question-san-diego.html
✓ Created who-do-i-call-for-ai-business-help-second-opinion-san-diego.html
✓ Created who-do-i-call-for-crypto-help-after-hours-san-diego.html
✓ Created who-do-i-call-for-crypto-help-emergency-san-diego.html
✓ Created who-do-i-call-for-crypto-help-no-response-san-diego.html
✓ Created who-do-i-call-for-crypto-help-urgent-san-diego.html
✓ Created who-do-i-call-for-crypto-help-cost-estimate-san-diego.html
✓ Created who-do-i-call-for-crypto-help-pricing-san-diego.html
✓ Created who-do-i-call-for-crypto-help-same-day-san-diego.html
✓ Created who-do-i-call-for-crypto-help-weekend-san-diego.html
✓ Created who-do-i-call-for-crypto-help-insurance-question-san-diego.html
✓ Created who-do-i-call-for-crypto-help-second-opinion-san-diego.html
✓ Hub links reinforced
=== SCALE COMPLETE ===
Pages created:
236
