=== SIDEGUY SCALE RUN v1.1 @ 20251230-1801 ===
CREATED: who-do-i-call-for-ai-business-cost-benefit-san-diego.html
CREATED: who-do-i-call-for-ai-business-automation-decision-san-diego.html
CREATED: who-do-i-call-for-ai-business-second-opinion-san-diego.html
HUB READY: who-do-i-call-for-ai-business-san-diego.html
CREATED: who-do-i-call-for-crypto-help-lost-access-san-diego.html
CREATED: who-do-i-call-for-crypto-help-transaction-issue-san-diego.html
CREATED: who-do-i-call-for-crypto-help-scam-concern-san-diego.html
HUB READY: who-do-i-call-for-crypto-help-san-diego.html
CREATED: who-do-i-call-for-roofing-active-leak-san-diego.html
CREATED: who-do-i-call-for-roofing-storm-damage-san-diego.html
SKIP: who-do-i-call-for-roofing-insurance-question-san-diego.html
HUB READY: who-do-i-call-for-roofing-san-diego.html
CREATED: who-do-i-call-for-payment-processing-outage-san-diego.html
CREATED: who-do-i-call-for-payment-processing-fees-san-diego.html
CREATED: who-do-i-call-for-payment-processing-provider-switch-san-diego.html
SKIP: who-do-i-call-for-payment-processing-second-opinion-san-diego.html
HUB READY: who-do-i-call-for-payment-processing-san-diego.html
CREATED: who-do-i-call-for-software-help-site-down-san-diego.html
CREATED: who-do-i-call-for-software-help-payment-failure-san-diego.html
CREATED: who-do-i-call-for-software-help-integration-broken-san-diego.html
HUB READY: who-do-i-call-for-software-help-san-diego.html
SKIP: who-do-i-call-for-foundation-cracks-san-diego.html
CREATED: who-do-i-call-for-foundation-settling-san-diego.html
SKIP: who-do-i-call-for-foundation-second-opinion-san-diego.html
CREATED: who-do-i-call-for-foundation-inspection-san-diego.html
HUB READY: who-do-i-call-for-foundation-san-diego.html
SKIP: who-do-i-call-for-plumbing-emergency-san-diego.html
CREATED: who-do-i-call-for-plumbing-burst-pipe-san-diego.html
CREATED: who-do-i-call-for-plumbing-no-hot-water-san-diego.html
SKIP: who-do-i-call-for-plumbing-pricing-san-diego.html
HUB READY: who-do-i-call-for-plumbing-san-diego.html
SKIP: who-do-i-call-for-hvac-emergency-san-diego.html
SKIP: who-do-i-call-for-hvac-after-hours-san-diego.html
CREATED: who-do-i-call-for-hvac-no-heat-san-diego.html
CREATED: who-do-i-call-for-hvac-no-ac-san-diego.html
SKIP: who-do-i-call-for-hvac-second-opinion-san-diego.html
HUB READY: who-do-i-call-for-hvac-san-diego.html
CREATED: who-do-i-call-for-electrical-power-outage-san-diego.html
CREATED: who-do-i-call-for-electrical-fire-risk-san-diego.html
CREATED: who-do-i-call-for-electrical-panel-upgrade-san-diego.html
SKIP: who-do-i-call-for-electrical-emergency-san-diego.html
HUB READY: who-do-i-call-for-electrical-san-diego.html
=== SCALE v1.1 COMPLETE — SAFE & COMPOUNDING ===
