== SIDEGUY SCALE ENGINE v4.1 @ 20251230-1751 ==
[OK] Backup created
[NEW] Created who-do-i-call-for-emergency-repairs-san-diego.html
[NEW] Created who-do-i-call-for-foundation-issues-san-diego.html
[NEW] Created who-do-i-call-for-plumbing-issues-san-diego.html
[NEW] Created who-do-i-call-for-electrical-issues-san-diego.html
[NEW] Created who-do-i-call-for-urgent-business-decisions-san-diego.html
[INJECT] Clarity → who-do-i-call-for-emergency-repairs-san-diego.html
[INJECT] Clarity → who-do-i-call-for-foundation-issues-san-diego.html
[INJECT] Clarity → who-do-i-call-for-hvac-problems-san-diego.html
[INJECT] Clarity → who-do-i-call-for-plumbing-issues-san-diego.html
[INJECT] Clarity → who-do-i-call-for-electrical-issues-san-diego.html
[INJECT] Clarity → who-do-i-call-for-software-help-san-diego.html
[INJECT] Clarity → who-do-i-call-for-payment-processing-issues-san-diego.html
[INJECT] Clarity → who-do-i-call-for-urgent-business-decisions-san-diego.html
[LINK] Hub → who-do-i-call-for-emergency-repairs-san-diego.html
[LINK] Hub → who-do-i-call-for-foundation-issues-san-diego.html
[LINK] Hub → who-do-i-call-for-plumbing-issues-san-diego.html
[LINK] Hub → who-do-i-call-for-electrical-issues-san-diego.html
[LINK] Hub → who-do-i-call-for-urgent-business-decisions-san-diego.html
[OK] Freshness updated
[HOME] Hub reinforced
