=== SIDEGUY SCALE RUN v1.1 @ 20251230-1755 ===
[OK] Homepage backed up
CREATED: who-do-i-call-for-Active-roofing-san-diego.html
CREATED: who-do-i-call-for-active-leak-roofing-san-diego.html
CREATED: who-do-i-call-for-Storm-roofing-san-diego.html
CREATED: who-do-i-call-for-storm-damage-roofing-san-diego.html
CREATED: who-do-i-call-for-Insurance-roofing-san-diego.html
CREATED: who-do-i-call-for-insurance-inspection-roofing-san-diego.html
CREATED: who-do-i-call-for-Aging-roofing-san-diego.html
CREATED: who-do-i-call-for-aging-roof-roofing-san-diego.html
[HUB] who-do-i-call-for-roofing-san-diego.html
CREATED: who-do-i-call-for-cracks-foundation-san-diego.html
CREATED: who-do-i-call-for-Uneven-foundation-san-diego.html
CREATED: who-do-i-call-for-uneven-floors-foundation-san-diego.html
CREATED: who-do-i-call-for-Water-foundation-san-diego.html
CREATED: who-do-i-call-for-water-intrusion-foundation-san-diego.html
CREATED: who-do-i-call-for-settling-foundation-san-diego.html
[HUB] who-do-i-call-for-foundation-san-diego.html
CREATED: who-do-i-call-for-Payment-software-san-diego.html
CREATED: who-do-i-call-for-payment-failure-software-san-diego.html
CREATED: who-do-i-call-for-Site-software-san-diego.html
CREATED: who-do-i-call-for-site-down-software-san-diego.html
CREATED: who-do-i-call-for-Integration-software-san-diego.html
CREATED: who-do-i-call-for-integration-broken-software-san-diego.html
CREATED: who-do-i-call-for-Security-software-san-diego.html
CREATED: who-do-i-call-for-security-issue-software-san-diego.html
[HUB] who-do-i-call-for-software-san-diego.html
CREATED: who-do-i-call-for-Burst-plumbing-san-diego.html
CREATED: who-do-i-call-for-burst-pipe-plumbing-san-diego.html
CREATED: who-do-i-call-for-No-plumbing-san-diego.html
CREATED: who-do-i-call-for-Hot-plumbing-san-diego.html
CREATED: who-do-i-call-for-no-hot-water-plumbing-san-diego.html
CREATED: who-do-i-call-for-Sewer-plumbing-san-diego.html
CREATED: who-do-i-call-for-sewer-backup-plumbing-san-diego.html
CREATED: who-do-i-call-for-Leak-plumbing-san-diego.html
CREATED: who-do-i-call-for-leak-detection-plumbing-san-diego.html
[HUB] who-do-i-call-for-plumbing-san-diego.html
CREATED: who-do-i-call-for-No-hvac-san-diego.html
CREATED: who-do-i-call-for-no-heat-hvac-san-diego.html
SKIP: who-do-i-call-for-No-hvac-san-diego.html
CREATED: who-do-i-call-for-no-ac-hvac-san-diego.html
CREATED: who-do-i-call-for-Emergency-hvac-san-diego.html
CREATED: who-do-i-call-for-emergency-repair-hvac-san-diego.html
CREATED: who-do-i-call-for-After-hvac-san-diego.html
CREATED: who-do-i-call-for-after-hours-hvac-san-diego.html
CREATED: who-do-i-call-for-Second-hvac-san-diego.html
CREATED: who-do-i-call-for-second-opinion-hvac-san-diego.html
[HUB] who-do-i-call-for-hvac-san-diego.html
CREATED: who-do-i-call-for-Power-electrical-san-diego.html
CREATED: who-do-i-call-for-power-outage-electrical-san-diego.html
CREATED: who-do-i-call-for-Panel-electrical-san-diego.html
CREATED: who-do-i-call-for-panel-upgrade-electrical-san-diego.html
CREATED: who-do-i-call-for-Flickering-electrical-san-diego.html
CREATED: who-do-i-call-for-flickering-lights-electrical-san-diego.html
CREATED: who-do-i-call-for-Fire-electrical-san-diego.html
CREATED: who-do-i-call-for-fire-risk-electrical-san-diego.html
[HUB] who-do-i-call-for-electrical-san-diego.html
 M scale-20251230-1751.log
 M who-do-i-call-for-hvac-san-diego.html
 M who-do-i-call-for-plumbing-san-diego.html
?? scale-20251230-1755.log
?? who-do-i-call-for-Active-roofing-san-diego.html
?? who-do-i-call-for-After-hvac-san-diego.html
?? who-do-i-call-for-Aging-roofing-san-diego.html
?? who-do-i-call-for-Burst-plumbing-san-diego.html
?? who-do-i-call-for-Emergency-hvac-san-diego.html
?? who-do-i-call-for-Fire-electrical-san-diego.html
?? who-do-i-call-for-Flickering-electrical-san-diego.html
?? who-do-i-call-for-Hot-plumbing-san-diego.html
?? who-do-i-call-for-Insurance-roofing-san-diego.html
?? who-do-i-call-for-Integration-software-san-diego.html
?? who-do-i-call-for-Leak-plumbing-san-diego.html
?? who-do-i-call-for-No-hvac-san-diego.html
?? who-do-i-call-for-No-plumbing-san-diego.html
?? who-do-i-call-for-Panel-electrical-san-diego.html
?? who-do-i-call-for-Payment-software-san-diego.html
?? who-do-i-call-for-Power-electrical-san-diego.html
?? who-do-i-call-for-Second-hvac-san-diego.html
?? who-do-i-call-for-Security-software-san-diego.html
?? who-do-i-call-for-Sewer-plumbing-san-diego.html
?? who-do-i-call-for-Site-software-san-diego.html
?? who-do-i-call-for-Storm-roofing-san-diego.html
?? who-do-i-call-for-Uneven-foundation-san-diego.html
?? who-do-i-call-for-Water-foundation-san-diego.html
?? who-do-i-call-for-active-leak-roofing-san-diego.html
?? who-do-i-call-for-after-hours-hvac-san-diego.html
?? who-do-i-call-for-aging-roof-roofing-san-diego.html
?? who-do-i-call-for-burst-pipe-plumbing-san-diego.html
?? who-do-i-call-for-cracks-foundation-san-diego.html
?? who-do-i-call-for-electrical-san-diego.html
?? who-do-i-call-for-emergency-repair-hvac-san-diego.html
?? who-do-i-call-for-fire-risk-electrical-san-diego.html
?? who-do-i-call-for-flickering-lights-electrical-san-diego.html
?? who-do-i-call-for-foundation-san-diego.html
?? who-do-i-call-for-insurance-inspection-roofing-san-diego.html
?? who-do-i-call-for-integration-broken-software-san-diego.html
?? who-do-i-call-for-leak-detection-plumbing-san-diego.html
?? who-do-i-call-for-no-ac-hvac-san-diego.html
?? who-do-i-call-for-no-heat-hvac-san-diego.html
?? who-do-i-call-for-no-hot-water-plumbing-san-diego.html
?? who-do-i-call-for-panel-upgrade-electrical-san-diego.html
?? who-do-i-call-for-payment-failure-software-san-diego.html
?? who-do-i-call-for-power-outage-electrical-san-diego.html
?? who-do-i-call-for-roofing-san-diego.html
?? who-do-i-call-for-second-opinion-hvac-san-diego.html
?? who-do-i-call-for-security-issue-software-san-diego.html
?? who-do-i-call-for-settling-foundation-san-diego.html
?? who-do-i-call-for-sewer-backup-plumbing-san-diego.html
?? who-do-i-call-for-site-down-software-san-diego.html
?? who-do-i-call-for-software-san-diego.html
?? who-do-i-call-for-storm-damage-roofing-san-diego.html
?? who-do-i-call-for-uneven-floors-foundation-san-diego.html
?? who-do-i-call-for-water-intrusion-foundation-san-diego.html
=== SCALE v1.1 COMPLETE — CLEAN & COMPOUNDING ===
