== SIDEGUY SCALE ENGINE v3.1 @ 20251230-1748 ==
[PAGE] who-do-i-call-for-hvac-emergency-san-diego.html
[PAGE] who-do-i-call-for-hvac-after-hours-san-diego.html
[PAGE] who-do-i-call-for-hvac-pricing-confusion-san-diego.html
[PAGE] who-do-i-call-for-hvac-no-response-san-diego.html
[PAGE] who-do-i-call-for-hvac-urgent-decision-san-diego.html
[PAGE] who-do-i-call-for-electrical-emergency-san-diego.html
[PAGE] who-do-i-call-for-electrical-after-hours-san-diego.html
[PAGE] who-do-i-call-for-electrical-pricing-confusion-san-diego.html
[PAGE] who-do-i-call-for-electrical-no-response-san-diego.html
[PAGE] who-do-i-call-for-electrical-urgent-decision-san-diego.html
[PAGE] who-do-i-call-for-plumbing-emergency-san-diego.html
[PAGE] who-do-i-call-for-plumbing-after-hours-san-diego.html
[PAGE] who-do-i-call-for-plumbing-pricing-confusion-san-diego.html
[PAGE] who-do-i-call-for-plumbing-no-response-san-diego.html
[PAGE] who-do-i-call-for-plumbing-urgent-decision-san-diego.html
[PAGE] who-do-i-call-for-foundation-emergency-san-diego.html
[PAGE] who-do-i-call-for-foundation-after-hours-san-diego.html
[PAGE] who-do-i-call-for-foundation-pricing-confusion-san-diego.html
[PAGE] who-do-i-call-for-foundation-no-response-san-diego.html
[PAGE] who-do-i-call-for-foundation-urgent-decision-san-diego.html
[PAGE] who-do-i-call-for-roofing-emergency-san-diego.html
[PAGE] who-do-i-call-for-roofing-after-hours-san-diego.html
[PAGE] who-do-i-call-for-roofing-pricing-confusion-san-diego.html
[PAGE] who-do-i-call-for-roofing-no-response-san-diego.html
[PAGE] who-do-i-call-for-roofing-urgent-decision-san-diego.html
[PAGE] who-do-i-call-for-payment-processing-emergency-san-diego.html
[PAGE] who-do-i-call-for-payment-processing-after-hours-san-diego.html
[PAGE] who-do-i-call-for-payment-processing-pricing-confusion-san-diego.html
[PAGE] who-do-i-call-for-payment-processing-no-response-san-diego.html
[PAGE] who-do-i-call-for-payment-processing-urgent-decision-san-diego.html
[PAGE] who-do-i-call-for-software-help-emergency-san-diego.html
[PAGE] who-do-i-call-for-software-help-after-hours-san-diego.html
[PAGE] who-do-i-call-for-software-help-pricing-confusion-san-diego.html
[PAGE] who-do-i-call-for-software-help-no-response-san-diego.html
[PAGE] who-do-i-call-for-software-help-urgent-decision-san-diego.html
[HUB] who-do-i-call-electrical-san-diego.html
[HUB] who-do-i-call-plumbing-san-diego.html
[HUB] who-do-i-call-foundation-san-diego.html
[HUB] who-do-i-call-roofing-san-diego.html
[HUB] who-do-i-call-payment-processing-san-diego.html
[HUB] who-do-i-call-software-help-san-diego.html
== SCALE COMPLETE — AUTHORITY PRESERVED ==
