----------------------------------------
DATE: 2026-01-02 13:29 UTC
ADDED:
who-do-i-call-hvac-encinitas.html
who-do-i-call-electrical-encinitas.html
who-do-i-call-plumbing-encinitas.html
who-do-i-call-payments-encinitas.html
who-do-i-call-hvac-carlsbad.html
who-do-i-call-electrical-carlsbad.html
who-do-i-call-plumbing-carlsbad.html
who-do-i-call-payments-carlsbad.html
who-do-i-call-hvac-del-mar.html
who-do-i-call-electrical-del-mar.html
who-do-i-call-plumbing-del-mar.html
who-do-i-call-payments-del-mar.html
who-do-i-call-hvac-solana-beach.html
who-do-i-call-electrical-solana-beach.html
who-do-i-call-plumbing-solana-beach.html
who-do-i-call-payments-solana-beach.html
who-do-i-call-hvac-oceanside.html
who-do-i-call-electrical-oceanside.html
who-do-i-call-plumbing-oceanside.html
who-do-i-call-payments-oceanside.html
