Root: /workspaces/sideguy-solutions
Log:  _autogen_audit/AUDIT_2026-01-16_17-19-51.log

Scanning for HTML pages...
Total HTML pages: 10437

Sample (first 25 pages):
./confused-about-ai-san-diego.html
./confused-by-technology-san-diego.html
./who-do-i-call-ai-help.html
./ai-orchestration-layer.html
./san-diego-home-remodeling.html
./index.backup.20251226-2141.html
./big-data-engineering.html
./business-scaling-too-fast.html
./slow-download-speeds.html
./who-do-i-call-for-foundation-settling-san-diego.html
./north-county-payments-san-diego.html
./ai-integration-services-san-diego.html
./building-maintenance-san-diego.html
./san-diego-solana-payments-near-me.html
./heater-not-turning-on.html
./penetration-test-small-business.html
./san-diego-garage-door-opener-install.html
./san-diego-it-help.html
./who-do-i-call-for-business-help-san-diego.html
./storm-prep-services.html
./rancho-santa-fe-business-payments.html
./who-do-i-call-for-Panel-electrical-san-diego.html
./san-diego-landscaper-company.html
./bad-customer-experience-what-to-do.html
./ai-ml-optimization.html

Largest directories by page count:

Run completed at: 2026-01-16T17:19:53+00:00
