
[2026-01-14 17:01] SEARCH-DERIVED TRUST SIGNAL

Source: Google Search Console
Reviewed By: Human
Signal Type: Confusion / Hesitation
Value: High

Interpretation Rules:
- Query sounded unsure or emotional
- Query did NOT ask for a product
- Query implied fear of wrong decision
- SideGuy matched intent without selling

This is trust, not traffic.


[2026-01-14 17:08] SEARCH-DERIVED TRUST SIGNAL

Source: Google Search Console
Reviewed By: Human
Signal Type: Confusion / Hesitation
Value: High

Interpretation Rules:
- Uncertain language
- Emotional load present
- No product intent
- Decision hesitation

Status: Logged only — no execution

