LINKED: payment-processing-alternatives-cardiff-by-the-sea.html
LINKED: payment-processing-alternatives-carlsbad.html
LINKED: payment-processing-alternatives-del-mar.html
LINKED: payment-processing-alternatives-encinitas.html
LINKED: payment-processing-alternatives-san-diego.html
LINKED: payment-processing-alternatives-solana-beach.html
LINKED: payment-processing-compliance-cardiff-by-the-sea.html
LINKED: payment-processing-compliance-carlsbad.html
LINKED: payment-processing-compliance-del-mar.html
LINKED: payment-processing-compliance-encinitas.html
LINKED: payment-processing-compliance-san-diego.html
LINKED: payment-processing-compliance-solana-beach.html
LINKED: payment-processing-fees-explained-cardiff-by-the-sea.html
LINKED: payment-processing-fees-explained-carlsbad.html
LINKED: payment-processing-fees-explained-del-mar.html
LINKED: payment-processing-fees-explained-encinitas.html
LINKED: payment-processing-fees-explained-san-diego.html
LINKED: payment-processing-fees-explained-solana-beach.html
LINKED: payment-processing-for-contractors-cardiff-by-the-sea.html
LINKED: payment-processing-for-contractors-carlsbad.html
LINKED: payment-processing-for-contractors-del-mar.html
LINKED: payment-processing-for-contractors-encinitas.html
LINKED: payment-processing-for-contractors-san-diego.html
LINKED: payment-processing-for-contractors-solana-beach.html
LINKED: payment-processing-instant-settlement-cardiff-by-the-sea.html
LINKED: payment-processing-instant-settlement-carlsbad.html
LINKED: payment-processing-instant-settlement-del-mar.html
LINKED: payment-processing-instant-settlement-encinitas.html
LINKED: payment-processing-instant-settlement-san-diego.html
LINKED: payment-processing-instant-settlement-solana-beach.html
LINKED: payment-processing-pricing-cardiff-by-the-sea.html
LINKED: payment-processing-pricing-carlsbad.html
LINKED: payment-processing-pricing-del-mar.html
LINKED: payment-processing-pricing-encinitas.html
LINKED: payment-processing-pricing-san-diego.html
LINKED: payment-processing-pricing-solana-beach.html
LINKED: payment-processing-small-business-cardiff-by-the-sea.html
LINKED: payment-processing-small-business-carlsbad.html
LINKED: payment-processing-small-business-del-mar.html
LINKED: payment-processing-small-business-encinitas.html
LINKED: payment-processing-small-business-san-diego.html
LINKED: payment-processing-small-business-solana-beach.html
LINKED: what-changed-last-12-months-ai-tools.html
LINKED: what-changed-last-12-months-compliance.html
LINKED: what-changed-last-12-months-elder-care.html
LINKED: what-changed-last-12-months-payment-processing.html
LINKED: what-changed-last-12-months-small-business-software.html
