Run date: 2026-01-08
Pillar: payment-processing
Pages created: 42
Dry run: false
Files:
payment-processing-alternatives-cardiff-by-the-sea.html
payment-processing-alternatives-carlsbad.html
payment-processing-alternatives-del-mar.html
payment-processing-alternatives-encinitas.html
payment-processing-alternatives-san-diego.html
payment-processing-alternatives-solana-beach.html
payment-processing-compliance-cardiff-by-the-sea.html
payment-processing-compliance-carlsbad.html
payment-processing-compliance-del-mar.html
payment-processing-compliance-encinitas.html
payment-processing-compliance-san-diego.html
payment-processing-compliance-solana-beach.html
payment-processing-fees-explained-cardiff-by-the-sea.html
payment-processing-fees-explained-carlsbad.html
payment-processing-fees-explained-del-mar.html
payment-processing-fees-explained-encinitas.html
payment-processing-fees-explained-san-diego.html
payment-processing-fees-explained-solana-beach.html
payment-processing-for-contractors-cardiff-by-the-sea.html
payment-processing-for-contractors-carlsbad.html
payment-processing-for-contractors-del-mar.html
payment-processing-for-contractors-encinitas.html
payment-processing-for-contractors-san-diego.html
payment-processing-for-contractors-solana-beach.html
payment-processing-instant-settlement-cardiff-by-the-sea.html
payment-processing-instant-settlement-carlsbad.html
payment-processing-instant-settlement-del-mar.html
payment-processing-instant-settlement-encinitas.html
payment-processing-instant-settlement-san-diego.html
payment-processing-instant-settlement-solana-beach.html
payment-processing-pricing-cardiff-by-the-sea.html
payment-processing-pricing-carlsbad.html
payment-processing-pricing-del-mar.html
payment-processing-pricing-encinitas.html
payment-processing-pricing-san-diego.html
payment-processing-pricing-solana-beach.html
payment-processing-small-business-cardiff-by-the-sea.html
payment-processing-small-business-carlsbad.html
payment-processing-small-business-del-mar.html
payment-processing-small-business-encinitas.html
payment-processing-small-business-san-diego.html
payment-processing-small-business-solana-beach.html
