[2026-01-19] CREATED: san-diego-airport-transportation-help.html
[2026-01-19] CREATED: san-diego-airport-terminal-1-help.html
[2026-01-19] CREATED: san-diego-airport-terminal-2-help.html
[2026-01-19] CREATED: san-diego-airport-early-late-flights-help.html
[2026-01-19] AIRPORT AUTHORITY STACK COMPLETE
[2026-01-19] CREATED: public/airport-help/san-diego-airport-transportation-help.html
[2026-01-19] CREATED: public/airport-help/san-diego-airport-terminal-1-help.html
[2026-01-19] CREATED: public/airport-help/san-diego-airport-terminal-2-help.html
[2026-01-19] CREATED: public/airport-help/missed-flight-san-diego-airport-what-to-do.html
[2026-01-19] CREATED: public/airport-help/picking-someone-up-san-diego-airport-help.html
[2026-01-19] CREATED: public/airport-help/uber-vs-parking-san-diego-airport.html
[2026-01-19] CREATED: public/airport-help/san-diego-airport-delays-weather-help.html
[2026-01-19] CREATED: public/airport-help/southwest-airlines-san-diego-terminal-1-help.html
[2026-01-19] CREATED: public/airport-help/spirit-airlines-san-diego-terminal-1-help.html
[2026-01-19] CREATED: public/airport-help/frontier-airlines-san-diego-terminal-1-help.html
[2026-01-19] CREATED: public/airport-help/allegiant-air-san-diego-terminal-1-help.html
[2026-01-19] CREATED: public/airport-help/sun-country-airlines-san-diego-terminal-1-help.html
[2026-01-19] CREATED: public/airport-help/delta-air-lines-san-diego-terminal-2-help.html
[2026-01-19] CREATED: public/airport-help/united-airlines-san-diego-terminal-2-help.html
[2026-01-19] CREATED: public/airport-help/american-airlines-san-diego-terminal-2-help.html
[2026-01-19] CREATED: public/airport-help/alaska-airlines-san-diego-terminal-2-help.html
[2026-01-19] CREATED: public/airport-help/jetblue-san-diego-terminal-2-help.html
[2026-01-19] CREATED: public/airport-help/british-airways-san-diego-terminal-2-help.html
[2026-01-19] CREATED: public/airport-help/lufthansa-san-diego-terminal-2-help.html
[2026-01-19] CREATED: public/airport-help/japan-airlines-san-diego-terminal-2-help.html
[2026-01-19] SAN AIRPORT AUTHORITY ENGINE COMPLETE
