SIDEGUY DRIP START 2026-01-19T20:13:49Z
CREATED who-do-i-call-when-ai-confuses-me
CREATED who-do-i-call-for-airport-transportation-san-diego
CREATED who-do-i-call-about-sports-betting-math
CREATED ai-vs-human-decisions
CREATED payments-confusion-help
CREATED sideguy-clarity-pyramid
CREATED san-diego-small-business-tech-help
CREATED who-do-i-call-about-spreads-and-odds
CREATED ai-overthinking-reset
CREATED when-not-to-automate
CREATED sideguy-human-in-the-loop
CREATED transportation-options-san-diego
CREATED clarity-before-cost
CREATED sideguy-mission
CREATED who-do-i-call-about-ai-tools
CREATED signal-vs-noise-ai
CREATED human-guided-ai
CREATED sideguy-decision-support
CREATED san-diego-operator-help
CREATED ai-tools-explained-simply
CREATED what-is-sideguy
CREATED ai-and-money-decisions
CREATED sideguy-safety-model
CREATED when-ai-is-wrong
CREATED sideguy-human-resolution
CREATED sideguy-real-help
CREATED who-do-i-call-about-tech
CREATED sideguy-explains-bets
CREATED sideguy-local-context
CREATED sideguy-proof-of-work
SITEMAP UPDATED
SEARCH ENGINES PINGED
DRIP COMPLETE 2026-01-19T20:13:49Z
TOTAL PAGES TODAY: 30
