RUN 20260120-170013 @ 2026-01-20T17:00:13Z
[2026-01-20T17:00:13Z] CREATED: public/system/partner-hotels.html
[2026-01-20T17:00:13Z] SITEMAP ADD: https://sideguy.solutions/system/partner-hotels.html
[2026-01-20T17:00:13Z] CREATED: public/system/partner-transport.html
[2026-01-20T17:00:13Z] SITEMAP ADD: https://sideguy.solutions/system/partner-transport.html
[2026-01-20T17:00:13Z] CREATED: public/system/partner-medical.html
[2026-01-20T17:00:13Z] SITEMAP ADD: https://sideguy.solutions/system/partner-medical.html
[2026-01-20T17:00:13Z] CREATED: public/system/how-sideguy-works.html
[2026-01-20T17:00:13Z] SITEMAP ADD: https://sideguy.solutions/system/how-sideguy-works.html
[2026-01-20T17:00:14Z] CREATED: public/system/pricing-philosophy.html
[2026-01-20T17:00:14Z] SITEMAP ADD: https://sideguy.solutions/system/pricing-philosophy.html
[2026-01-20T17:00:14Z] CREATED: public/system/when-help-costs-money.html
[2026-01-20T17:00:14Z] SITEMAP ADD: https://sideguy.solutions/system/when-help-costs-money.html
[2026-01-20T17:00:14Z] CREATED: public/templates/decision-template.html
[2026-01-20T17:00:14Z] SITEMAP ADD: https://sideguy.solutions/templates/decision-template.html
[2026-01-20T17:00:14Z] CREATED: public/templates/support-template.html
[2026-01-20T17:00:14Z] SITEMAP ADD: https://sideguy.solutions/templates/support-template.html
[2026-01-20T17:00:14Z] CREATED: public/expansion/stadiums.html
[2026-01-20T17:00:14Z] SITEMAP ADD: https://sideguy.solutions/expansion/stadiums.html
[2026-01-20T17:00:14Z] CREATED: public/expansion/borders-cruise.html
[2026-01-20T17:00:14Z] SITEMAP ADD: https://sideguy.solutions/expansion/borders-cruise.html
[2026-01-20T17:00:14Z] CREATED: schema/site-schema.json
[2026-01-20T17:00:14Z] CREATED: schema/authority.json
[2026-01-20T17:00:15Z] URL inventory captured: data/urls-current.txt
[2026-01-20T17:00:15Z] Page count: 260
[2026-01-20T17:00:15Z] Longtail queue created: data/longtail-queue-20260120-170013.txt
[2026-01-20T17:00:15Z] AUTO CREATED: public/auto/san-diego-tech-help.html
[2026-01-20T17:00:15Z] SITEMAP ADD: https://sideguy.solutions/auto/san-diego-tech-help.html
[2026-01-20T17:00:15Z] AUTO CREATED: public/auto/san-diego-payments-help.html
[2026-01-20T17:00:15Z] SITEMAP ADD: https://sideguy.solutions/auto/san-diego-payments-help.html
[2026-01-20T17:00:15Z] AUTO CREATED: public/auto/san-diego-ai-automation-help.html
[2026-01-20T17:00:15Z] SITEMAP ADD: https://sideguy.solutions/auto/san-diego-ai-automation-help.html
[2026-01-20T17:00:15Z] AUTO CREATED: public/auto/san-diego-small-business-clarity.html
[2026-01-20T17:00:15Z] SITEMAP ADD: https://sideguy.solutions/auto/san-diego-small-business-clarity.html
[2026-01-20T17:00:15Z] AUTO CREATED: public/auto/who-do-i-call-for-website-help.html
[2026-01-20T17:00:15Z] SITEMAP ADD: https://sideguy.solutions/auto/who-do-i-call-for-website-help.html
[2026-01-20T17:00:15Z] AUTO CREATED: public/auto/who-do-i-call-for-payment-issues.html
[2026-01-20T17:00:15Z] SITEMAP ADD: https://sideguy.solutions/auto/who-do-i-call-for-payment-issues.html
[2026-01-20T17:00:15Z] AUTO CREATED: public/auto/who-do-i-call-for-ai-confusion.html
[2026-01-20T17:00:15Z] SITEMAP ADD: https://sideguy.solutions/auto/who-do-i-call-for-ai-confusion.html
[2026-01-20T17:00:15Z] AUTO CREATED: public/auto/san-diego-human-operator-help.html
[2026-01-20T17:00:16Z] SITEMAP ADD: https://sideguy.solutions/auto/san-diego-human-operator-help.html
