[2026-01-19] Injecting airport internal links...
[2026-01-19] LINKED: public/airport-help/san-diego-airport-delays-weather-help.html
[2026-01-19] LINKED: public/airport-help/san-diego-airport-transportation-help.html
[2026-01-19] LINKED: public/airport-help/allegiant-air-san-diego-terminal-1-help.html
[2026-01-19] LINKED: public/airport-help/spirit-airlines-san-diego-terminal-1-help.html
[2026-01-19] LINKED: public/airport-help/missed-flight-san-diego-airport-what-to-do.html
[2026-01-19] LINKED: public/airport-help/united-airlines-san-diego-terminal-2-help.html
[2026-01-19] LINKED: public/airport-help/san-diego-airport-terminal-2-help.html
[2026-01-19] LINKED: public/airport-help/sun-country-airlines-san-diego-terminal-1-help.html
[2026-01-19] LINKED: public/airport-help/lufthansa-san-diego-terminal-2-help.html
[2026-01-19] LINKED: public/airport-help/delta-air-lines-san-diego-terminal-2-help.html
[2026-01-19] LINKED: public/airport-help/southwest-airlines-san-diego-terminal-1-help.html
[2026-01-19] LINKED: public/airport-help/picking-someone-up-san-diego-airport-help.html
[2026-01-19] LINKED: public/airport-help/american-airlines-san-diego-terminal-2-help.html
[2026-01-19] LINKED: public/airport-help/jetblue-san-diego-terminal-2-help.html
[2026-01-19] LINKED: public/airport-help/british-airways-san-diego-terminal-2-help.html
[2026-01-19] LINKED: public/airport-help/uber-vs-parking-san-diego-airport.html
[2026-01-19] LINKED: public/airport-help/japan-airlines-san-diego-terminal-2-help.html
[2026-01-19] LINKED: public/airport-help/frontier-airlines-san-diego-terminal-1-help.html
[2026-01-19] LINKED: public/airport-help/san-diego-airport-terminal-1-help.html
[2026-01-19] LINKED: public/airport-help/alaska-airlines-san-diego-terminal-2-help.html
[2026-01-19] CREATED: public/assistance/airports/san-diego-airport-tight-connection.html
[2026-01-19] CREATED: public/assistance/hospitals/san-diego-hospital-billing-confusion.html
[2026-01-19] CREATED: public/assistance/dmv/san-diego-dmv-no-appointment.html
[2026-01-19] CREATED: public/assistance/courthouse/san-diego-missed-court-date.html
[2026-01-19] CREATED: public/assistance/stadiums/san-diego-stadium-parking-confusion.html
[2026-01-19] CREATED: public/assist/airport/who-do-i-call-missed-flight-san-diego.html
[2026-01-19] CREATED: public/assist/hospital/who-do-i-call-er-wait-too-long.html
[2026-01-19] CREATED: public/assist/dmv/who-do-i-call-no-dmv-appointment.html
[2026-01-19] CREATED: public/assist/court/who-do-i-call-missed-court.html
[2026-01-19] CREATED: public/assist/events/who-do-i-call-event-parking.html
[2026-01-19] CREATED: public/assist/university/who-do-i-call-campus-navigation.html
[2026-01-19] INTERNAL AUTHORITY AUTO-MESH COMPLETE
