[2026-01-19T19:33:12Z] SIDEGUY UNIFIED PASS START
[2026-01-19T19:33:12Z] PHASE 1: System health check
[2026-01-19T19:33:12Z] MISSING CONTRACT: data/runtime/master.json
[2026-01-19T19:33:12Z] MISSING CONTRACT: data/runtime/keys.json
[2026-01-19T19:33:12Z] MISSING CONTRACT: data/geo/rules.json
[2026-01-19T19:33:12Z] ENGINE OK: public/airport-help (20 pages)
[2026-01-19T19:33:12Z] ENGINE OK: public/who-do-i-call (10 pages)
[2026-01-19T19:33:12Z] ENGINE OK: public/assistance (5 pages)
[2026-01-19T19:33:12Z] TITLE COLLISIONS DETECTED: 6
[2026-01-19T19:33:12Z] CTA REFERENCES FOUND: 46
[2026-01-19T19:33:12Z] PHASE 1 COMPLETE
[2026-01-19T19:33:12Z] PHASE 2: Who Do I Call hardening
[2026-01-19T19:33:12Z] CANONICAL ADDED: /who-do-i-call/dmv/real-id-confusion.html
[2026-01-19T19:33:12Z] AUTHORITY NOTE ADDED: /who-do-i-call/dmv/real-id-confusion.html
[2026-01-19T19:33:12Z] CANONICAL ADDED: /who-do-i-call/dmv/no-dmv-appointment.html
[2026-01-19T19:33:12Z] AUTHORITY NOTE ADDED: /who-do-i-call/dmv/no-dmv-appointment.html
[2026-01-19T19:33:12Z] CANONICAL ADDED: /who-do-i-call/hospital/hospital-billing-confusion.html
[2026-01-19T19:33:12Z] AUTHORITY NOTE ADDED: /who-do-i-call/hospital/hospital-billing-confusion.html
[2026-01-19T19:33:12Z] CANONICAL ADDED: /who-do-i-call/hospital/er-wait-too-long.html
[2026-01-19T19:33:12Z] AUTHORITY NOTE ADDED: /who-do-i-call/hospital/er-wait-too-long.html
[2026-01-19T19:33:12Z] CANONICAL ADDED: /who-do-i-call/events/event-parking-confusion.html
[2026-01-19T19:33:12Z] AUTHORITY NOTE ADDED: /who-do-i-call/events/event-parking-confusion.html
[2026-01-19T19:33:12Z] CANONICAL ADDED: /who-do-i-call/court/missed-court.html
[2026-01-19T19:33:12Z] AUTHORITY NOTE ADDED: /who-do-i-call/court/missed-court.html
[2026-01-19T19:33:12Z] CANONICAL ADDED: /who-do-i-call/airport/airport-pickup-confusion.html
[2026-01-19T19:33:12Z] AUTHORITY NOTE ADDED: /who-do-i-call/airport/airport-pickup-confusion.html
[2026-01-19T19:33:12Z] CANONICAL ADDED: /who-do-i-call/airport/late-night-flight-arrival.html
[2026-01-19T19:33:12Z] AUTHORITY NOTE ADDED: /who-do-i-call/airport/late-night-flight-arrival.html
[2026-01-19T19:33:12Z] CANONICAL ADDED: /who-do-i-call/airport/missed-flight-san-diego.html
[2026-01-19T19:33:12Z] AUTHORITY NOTE ADDED: /who-do-i-call/airport/missed-flight-san-diego.html
[2026-01-19T19:33:12Z] CANONICAL ADDED: /who-do-i-call/university/lost-on-campus.html
[2026-01-19T19:33:12Z] AUTHORITY NOTE ADDED: /who-do-i-call/university/lost-on-campus.html
[2026-01-19T19:33:12Z] PHASE 2 COMPLETE
[2026-01-19T19:33:12Z] PHASE 3: SAN Airport decision layer
[2026-01-19T19:33:12Z] CREATED DECISION PAGE: when-to-leave-for-san-airport
[2026-01-19T19:33:12Z] SITEMAP ADD: https://sideguy.solutions/san-diego-airport/when-to-leave-for-san-airport.html
[2026-01-19T19:33:12Z] CREATED DECISION PAGE: terminal-1-vs-terminal-2-san
[2026-01-19T19:33:12Z] SITEMAP ADD: https://sideguy.solutions/san-diego-airport/terminal-1-vs-terminal-2-san.html
[2026-01-19T19:33:12Z] PHASE 3 COMPLETE
[2026-01-19T19:33:12Z] PHASE 4: Authority governance guard
[2026-01-19T19:33:12Z] UNCLASSIFIED_PAGE: public/compliance-playbooks/first-time-compliance-operator-guide.html
[2026-01-19T19:33:12Z] UNCLASSIFIED_PAGE: public/compliance-playbooks/maintaining-compliance-without-saas.html
[2026-01-19T19:33:12Z] UNCLASSIFIED_PAGE: public/compliance-playbooks/compliance-ownership-playbook.html
[2026-01-19T19:33:12Z] UNCLASSIFIED_PAGE: public/compliance-playbooks/compliance-response-playbook.html
[2026-01-19T19:33:12Z] UNCLASSIFIED_PAGE: public/local-compliance/san-diego-compliance-systems.html
[2026-01-19T19:33:12Z] UNCLASSIFIED_PAGE: public/local-compliance/san-diego-own-your-compliance.html
[2026-01-19T19:33:12Z] UNCLASSIFIED_PAGE: public/local-compliance/california-compliance-software-explained.html
[2026-01-19T19:33:12Z] UNCLASSIFIED_PAGE: public/own-your-compliance/ai-compliance-software-vs-saas.html
[2026-01-19T19:33:12Z] UNCLASSIFIED_PAGE: public/own-your-compliance/why-own-compliance-instead-of-licensing.html
[2026-01-19T19:33:12Z] UNCLASSIFIED_PAGE: public/own-your-compliance/compliance-as-code-explained.html
[2026-01-19T19:33:12Z] UNCLASSIFIED_PAGE: public/own-your-compliance/own-your-gdpr-soc2-hipaa-compliance.html
[2026-01-19T19:33:12Z] UNCLASSIFIED_PAGE: public/own-your-compliance/build-your-own-compliance-system.html
[2026-01-19T19:33:12Z] UNCLASSIFIED_PAGE: public/own-your-compliance/compliance-software-pricing-trap.html
[2026-01-19T19:33:12Z] UNCLASSIFIED_PAGE: public/own-your-compliance/index.html
[2026-01-19T19:33:12Z] UNCLASSIFIED_PAGE: public/compliance-failures/compliance-software-didnt-save-us.html
[2026-01-19T19:33:12Z] UNCLASSIFIED_PAGE: public/compliance-failures/what-happens-after-audit-failure.html
[2026-01-19T19:33:12Z] UNCLASSIFIED_PAGE: public/compliance-failures/why-compliance-efforts-fail.html
[2026-01-19T19:33:12Z] UNCLASSIFIED_PAGE: public/compliance-failures/common-compliance-mistakes.html
[2026-01-19T19:33:12Z] UNCLASSIFIED_PAGE: public/assist/dmv/who-do-i-call-no-dmv-appointment.html
[2026-01-19T19:33:12Z] UNCLASSIFIED_PAGE: public/assist/hospital/who-do-i-call-er-wait-too-long.html
[2026-01-19T19:33:12Z] UNCLASSIFIED_PAGE: public/assist/events/who-do-i-call-event-parking.html
[2026-01-19T19:33:12Z] UNCLASSIFIED_PAGE: public/assist/court/who-do-i-call-missed-court.html
[2026-01-19T19:33:12Z] UNCLASSIFIED_PAGE: public/assist/airport/who-do-i-call-missed-flight-san-diego.html
[2026-01-19T19:33:12Z] UNCLASSIFIED_PAGE: public/assist/university/who-do-i-call-campus-navigation.html
[2026-01-19T19:33:12Z] UNCLASSIFIED_PAGE: public/compliance-calculators/compliance-software-cost-calculator.html
[2026-01-19T19:33:12Z] UNCLASSIFIED_PAGE: public/compliance-calculators/compliance-build-vs-buy-calculator.html
[2026-01-19T19:33:12Z] UNCLASSIFIED_PAGE: public/compliance-calculators/compliance-ownership-break-even.html
[2026-01-19T19:33:12Z] UNCLASSIFIED_PAGE: public/compliance-by-size/compliance-for-enterprise-teams.html
[2026-01-19T19:33:12Z] UNCLASSIFIED_PAGE: public/compliance-by-size/compliance-for-50-200-employees.html
[2026-01-19T19:33:12Z] UNCLASSIFIED_PAGE: public/compliance-by-size/compliance-for-10-50-employees.html
[2026-01-19T19:33:12Z] UNCLASSIFIED_PAGE: public/compliance-by-size/compliance-for-1-10-employees.html
[2026-01-19T19:33:12Z] UNCLASSIFIED_PAGE: public/compliance-industries/fintech-compliance-enforcement.html
[2026-01-19T19:33:12Z] UNCLASSIFIED_PAGE: public/compliance-industries/small-business-compliance-enforcement.html
[2026-01-19T19:33:12Z] UNCLASSIFIED_PAGE: public/compliance-industries/healthcare-compliance-enforcement.html
[2026-01-19T19:33:12Z] UNCLASSIFIED_PAGE: public/compliance-industries/saas-compliance-enforcement.html
[2026-01-19T19:33:12Z] UNCLASSIFIED_PAGE: public/compliance-industries/energy-compliance-enforcement.html
[2026-01-19T19:33:12Z] UNCLASSIFIED_PAGE: public/compliance-timelines/how-long-compliance-actually-takes.html
[2026-01-19T19:33:12Z] UNCLASSIFIED_PAGE: public/compliance-timelines/audit-prep-timeline.html
[2026-01-19T19:33:12Z] UNCLASSIFIED_PAGE: public/compliance-timelines/compliance-readiness-checklist.html
[2026-01-19T19:33:12Z] UNCLASSIFIED_PAGE: public/compliance-timelines/compliance-implementation-timeline.html
[2026-01-19T19:33:12Z] UNCLASSIFIED_PAGE: public/compliance-faq/what-does-compliance-software-actually-do.html
[2026-01-19T19:33:12Z] UNCLASSIFIED_PAGE: public/compliance-faq/can-ai-handle-compliance.html
[2026-01-19T19:33:12Z] UNCLASSIFIED_PAGE: public/compliance-faq/who-is-responsible-for-compliance.html
[2026-01-19T19:33:12Z] UNCLASSIFIED_PAGE: public/compliance-faq/what-happens-if-compliance-fails.html
[2026-01-19T19:33:12Z] UNCLASSIFIED_PAGE: public/compliance-faq/is-compliance-software-required-by-law.html
[2026-01-19T19:33:12Z] UNCLASSIFIED_PAGE: public/assistance/dmv/san-diego-dmv-no-appointment.html
[2026-01-19T19:33:12Z] UNCLASSIFIED_PAGE: public/assistance/courthouse/san-diego-missed-court-date.html
[2026-01-19T19:33:12Z] UNCLASSIFIED_PAGE: public/assistance/stadiums/san-diego-stadium-parking-confusion.html
[2026-01-19T19:33:12Z] UNCLASSIFIED_PAGE: public/assistance/hospitals/san-diego-hospital-billing-confusion.html
[2026-01-19T19:33:12Z] UNCLASSIFIED_PAGE: public/assistance/airports/san-diego-airport-tight-connection.html
[2026-01-19T19:33:12Z] UNCLASSIFIED_PAGE: public/compliance-as-code/what-is-compliance-as-code.html
[2026-01-19T19:33:12Z] UNCLASSIFIED_PAGE: public/compliance-as-code/ai-driven-compliance-systems.html
[2026-01-19T19:33:12Z] UNCLASSIFIED_PAGE: public/compliance-as-code/compliance-as-code-vs-saas.html
[2026-01-19T19:33:12Z] UNCLASSIFIED_PAGE: public/compliance-as-code/compliance-as-code-examples.html
[2026-01-19T19:33:12Z] UNCLASSIFIED_PAGE: public/regulatory-enforcement/how-compliance-is-enforced.html
[2026-01-19T19:33:12Z] UNCLASSIFIED_PAGE: public/regulatory-enforcement/do-regulators-care-about-compliance-software.html
[2026-01-19T19:33:12Z] UNCLASSIFIED_PAGE: public/regulatory-enforcement/what-regulators-actually-look-for.html
[2026-01-19T19:33:12Z] UNCLASSIFIED_PAGE: public/regulatory-enforcement/why-companies-get-fined-notified-or-warned.html
[2026-01-19T19:33:12Z] UNCLASSIFIED_PAGE: public/decision-support/i-still-dont-know-what-to-do.html
[2026-01-19T19:33:12Z] UNCLASSIFIED_PAGE: public/decision-support/should-i-build-or-buy-compliance.html
[2026-01-19T19:33:12Z] UNCLASSIFIED_PAGE: public/decision-support/i-read-everything-now-what.html
[2026-01-19T19:33:12Z] UNCLASSIFIED_PAGE: public/decision-support/who-should-own-compliance-in-my-company.html
[2026-01-19T19:33:12Z] UNCLASSIFIED_PAGE: public/compliance-checklists/audit-evidence-examples.html
[2026-01-19T19:33:12Z] UNCLASSIFIED_PAGE: public/compliance-checklists/what-regulators-accept-as-evidence.html
[2026-01-19T19:33:12Z] UNCLASSIFIED_PAGE: public/compliance-checklists/minimum-compliance-documentation.html
[2026-01-19T19:33:12Z] UNCLASSIFIED_PAGE: public/compliance-checklists/index.html
[2026-01-19T19:33:12Z] UNCLASSIFIED_PAGE: public/compliance-checklists/compliance-evidence-checklist.html
[2026-01-19T19:33:12Z] UNCLASSIFIED_PAGE: public/compliance-drift/compliance-drift-explained.html
[2026-01-19T19:33:12Z] UNCLASSIFIED_PAGE: public/airport-help/san-diego-airport-delays-weather-help.html
[2026-01-19T19:33:12Z] UNCLASSIFIED_PAGE: public/airport-help/san-diego-airport-transportation-help.html
[2026-01-19T19:33:12Z] UNCLASSIFIED_PAGE: public/airport-help/allegiant-air-san-diego-terminal-1-help.html
[2026-01-19T19:33:12Z] UNCLASSIFIED_PAGE: public/airport-help/spirit-airlines-san-diego-terminal-1-help.html
[2026-01-19T19:33:12Z] UNCLASSIFIED_PAGE: public/airport-help/missed-flight-san-diego-airport-what-to-do.html
[2026-01-19T19:33:12Z] UNCLASSIFIED_PAGE: public/airport-help/united-airlines-san-diego-terminal-2-help.html
[2026-01-19T19:33:12Z] UNCLASSIFIED_PAGE: public/airport-help/san-diego-airport-terminal-2-help.html
[2026-01-19T19:33:12Z] UNCLASSIFIED_PAGE: public/airport-help/sun-country-airlines-san-diego-terminal-1-help.html
[2026-01-19T19:33:12Z] UNCLASSIFIED_PAGE: public/airport-help/lufthansa-san-diego-terminal-2-help.html
[2026-01-19T19:33:12Z] UNCLASSIFIED_PAGE: public/airport-help/delta-air-lines-san-diego-terminal-2-help.html
[2026-01-19T19:33:12Z] UNCLASSIFIED_PAGE: public/airport-help/southwest-airlines-san-diego-terminal-1-help.html
[2026-01-19T19:33:12Z] UNCLASSIFIED_PAGE: public/airport-help/picking-someone-up-san-diego-airport-help.html
[2026-01-19T19:33:12Z] UNCLASSIFIED_PAGE: public/airport-help/american-airlines-san-diego-terminal-2-help.html
[2026-01-19T19:33:12Z] UNCLASSIFIED_PAGE: public/airport-help/jetblue-san-diego-terminal-2-help.html
[2026-01-19T19:33:12Z] UNCLASSIFIED_PAGE: public/airport-help/british-airways-san-diego-terminal-2-help.html
[2026-01-19T19:33:12Z] UNCLASSIFIED_PAGE: public/airport-help/uber-vs-parking-san-diego-airport.html
[2026-01-19T19:33:12Z] UNCLASSIFIED_PAGE: public/airport-help/japan-airlines-san-diego-terminal-2-help.html
[2026-01-19T19:33:12Z] UNCLASSIFIED_PAGE: public/airport-help/frontier-airlines-san-diego-terminal-1-help.html
[2026-01-19T19:33:12Z] UNCLASSIFIED_PAGE: public/airport-help/san-diego-airport-terminal-1-help.html
[2026-01-19T19:33:12Z] UNCLASSIFIED_PAGE: public/airport-help/alaska-airlines-san-diego-terminal-2-help.html
[2026-01-19T19:33:12Z] UNCLASSIFIED_PAGE: public/regulatory-investigations/can-compliance-software-prevent-investigations.html
[2026-01-19T19:33:12Z] UNCLASSIFIED_PAGE: public/regulatory-investigations/how-long-compliance-investigations-last.html
[2026-01-19T19:33:12Z] UNCLASSIFIED_PAGE: public/regulatory-investigations/what-triggers-a-compliance-investigation.html
[2026-01-19T19:33:12Z] UNCLASSIFIED_PAGE: public/regulatory-investigations/what-happens-during-regulatory-investigation.html
[2026-01-19T19:33:12Z] UNCLASSIFIED_PAGE: public/compliance-incidents/when-humans-need-to-step-in.html
[2026-01-19T19:33:12Z] UNCLASSIFIED_PAGE: public/compliance-incidents/data-breach-compliance-responsibility.html
[2026-01-19T19:33:12Z] UNCLASSIFIED_PAGE: public/compliance-incidents/incident-response-vs-compliance-tools.html
[2026-01-19T19:33:12Z] UNCLASSIFIED_PAGE: public/compliance-incidents/what-happens-when-compliance-breaks.html
[2026-01-19T19:33:12Z] UNCLASSIFIED_PAGE: public/compliance-audits/does-compliance-software-help-audits.html
[2026-01-19T19:33:12Z] UNCLASSIFIED_PAGE: public/compliance-audits/audit-readiness-explained.html
[2026-01-19T19:33:12Z] UNCLASSIFIED_PAGE: public/compliance-audits/how-compliance-audits-work.html
[2026-01-19T19:33:12Z] UNCLASSIFIED_PAGE: public/compliance-audits/what-auditors-actually-look-for.html
[2026-01-19T19:33:12Z] UNCLASSIFIED_PAGE: public/compliance-escalation/when-to-talk-to-a-human.html
[2026-01-19T19:33:12Z] UNCLASSIFIED_PAGE: public/compliance-software-vendors/secureframe-compliance-explained.html
[2026-01-19T19:33:12Z] UNCLASSIFIED_PAGE: public/compliance-software-vendors/should-you-own-your-compliance.html
[2026-01-19T19:33:12Z] UNCLASSIFIED_PAGE: public/compliance-software-vendors/drata-compliance-explained.html
[2026-01-19T19:33:12Z] UNCLASSIFIED_PAGE: public/compliance-software-vendors/_disclaimer.html
[2026-01-19T19:33:12Z] UNCLASSIFIED_PAGE: public/compliance-software-vendors/sprinto-compliance-explained.html
[2026-01-19T19:33:12Z] UNCLASSIFIED_PAGE: public/compliance-software-vendors/logicgate-grc-explained.html
[2026-01-19T19:33:12Z] UNCLASSIFIED_PAGE: public/compliance-software-vendors/hyperproof-compliance-explained.html
[2026-01-19T19:33:12Z] UNCLASSIFIED_PAGE: public/compliance-software-vendors/index.html
[2026-01-19T19:33:12Z] UNCLASSIFIED_PAGE: public/compliance-software-vendors/vanta-compliance-explained.html
[2026-01-19T19:33:12Z] UNCLASSIFIED_PAGE: public/compliance-software/build-vs-buy-compliance-software.html
[2026-01-19T19:33:12Z] UNCLASSIFIED_PAGE: public/compliance-software/custom-compliance-software.html
[2026-01-19T19:33:12Z] UNCLASSIFIED_PAGE: public/compliance-software/compliance-software-for-small-business.html
[2026-01-19T19:33:12Z] UNCLASSIFIED_PAGE: public/compliance-software/compliance-software-alternatives.html
[2026-01-19T19:33:12Z] UNCLASSIFIED_PAGE: public/compliance-software/compliance-software-for-startups.html
[2026-01-19T19:33:12Z] UNCLASSIFIED_PAGE: public/compliance-software/compliance-software-pricing-breakdown.html
[2026-01-19T19:33:12Z] UNCLASSIFIED_PAGE: public/compliance-software/best-compliance-software-explained.html
[2026-01-19T19:33:12Z] UNCLASSIFIED_PAGE: public/compliance-software/index.html
[2026-01-19T19:33:12Z] UNCLASSIFIED_PAGE: public/compliance-software/ai-compliance-software.html
[2026-01-19T19:33:12Z] UNCLASSIFIED_PAGE: public/compliance-software/compliance-software-vs-internal-systems.html
[2026-01-19T19:33:12Z] UNCLASSIFIED_PAGE: public/compliance-frameworks/hipaa-compliance-systems-explained.html
[2026-01-19T19:33:12Z] UNCLASSIFIED_PAGE: public/compliance-frameworks/iso-27001-compliance-explained.html
[2026-01-19T19:33:12Z] UNCLASSIFIED_PAGE: public/compliance-frameworks/soc-2-compliance-owned-vs-saas.html
[2026-01-19T19:33:12Z] UNCLASSIFIED_PAGE: public/compliance-frameworks/gdpr-compliance-owned-systems.html
[2026-01-19T19:33:12Z] UNCLASSIFIED_PAGE: public/compliance-frameworks/pci-dss-compliance-explained.html
[2026-01-19T19:33:12Z] UNCLASSIFIED_PAGE: public/compliance-pricing/compliance-software-hidden-fees.html
[2026-01-19T19:33:12Z] UNCLASSIFIED_PAGE: public/compliance-pricing/compliance-software-roi-explained.html
[2026-01-19T19:33:12Z] UNCLASSIFIED_PAGE: public/compliance-pricing/why-compliance-software-is-so-expensive.html
[2026-01-19T19:33:12Z] UNCLASSIFIED_PAGE: public/compliance-pricing/compliance-software-cost.html
[2026-01-19T19:33:12Z] UNCLASSIFIED_PAGE: public/regulatory-warnings/what-happens-after-a-regulatory-warning.html
[2026-01-19T19:33:12Z] UNCLASSIFIED_PAGE: public/regulatory-warnings/how-to-respond-to-compliance-notice.html
[2026-01-19T19:33:12Z] UNCLASSIFIED_PAGE: public/regulatory-warnings/are-warning-letters-public.html
[2026-01-19T19:33:12Z] UNCLASSIFIED_PAGE: public/regulatory-warnings/what-is-a-compliance-warning-letter.html
[2026-01-19T19:33:12Z] UNCLASSIFIED_PAGE: public/compliance-fines/gdpr-fines-explained.html
[2026-01-19T19:33:12Z] UNCLASSIFIED_PAGE: public/compliance-fines/hipaa-penalties-explained.html
[2026-01-19T19:33:12Z] UNCLASSIFIED_PAGE: public/compliance-fines/pci-dss-non-compliance-penalties.html
[2026-01-19T19:33:12Z] UNCLASSIFIED_PAGE: public/compliance-fines/iso-27001-non-compliance.html
[2026-01-19T19:33:12Z] UNCLASSIFIED_PAGE: public/compliance-fines/what-happens-if-you-fail-soc-2.html
[2026-01-19T19:33:12Z] UNCLASSIFIED_PAGE: public/compliance-decisions/can-i-manage-compliance-internally.html
[2026-01-19T19:33:12Z] UNCLASSIFIED_PAGE: public/compliance-decisions/when-not-to-buy-compliance-software.html
[2026-01-19T19:33:12Z] UNCLASSIFIED_PAGE: public/compliance-decisions/is-compliance-software-worth-it.html
[2026-01-19T19:33:12Z] UNCLASSIFIED_PAGE: public/compliance-decisions/do-i-need-compliance-software.html
[2026-01-19T19:33:12Z] UNCLASSIFIED_PAGE: public/human-clarity/index.html
[2026-01-19T19:33:12Z] UNCLASSIFIED_PAGE: public/compliance-timelines-visual/incident-to-enforcement.html
[2026-01-19T19:33:12Z] UNCLASSIFIED_PAGE: public/snippets/search/search-trust.html
[2026-01-19T19:33:12Z] UNCLASSIFIED_PAGE: public/compliance-signal-index/index.html
[2026-01-19T19:33:12Z] UNCLASSIFIED_PAGE: public/who-do-i-call/dmv/real-id-confusion.html
[2026-01-19T19:33:12Z] UNCLASSIFIED_PAGE: public/who-do-i-call/dmv/no-dmv-appointment.html
[2026-01-19T19:33:12Z] UNCLASSIFIED_PAGE: public/who-do-i-call/hospital/hospital-billing-confusion.html
[2026-01-19T19:33:12Z] UNCLASSIFIED_PAGE: public/who-do-i-call/hospital/er-wait-too-long.html
[2026-01-19T19:33:12Z] UNCLASSIFIED_PAGE: public/who-do-i-call/events/event-parking-confusion.html
[2026-01-19T19:33:12Z] UNCLASSIFIED_PAGE: public/who-do-i-call/court/missed-court.html
[2026-01-19T19:33:12Z] UNCLASSIFIED_PAGE: public/who-do-i-call/airport/airport-pickup-confusion.html
[2026-01-19T19:33:12Z] UNCLASSIFIED_PAGE: public/who-do-i-call/airport/late-night-flight-arrival.html
[2026-01-19T19:33:12Z] UNCLASSIFIED_PAGE: public/who-do-i-call/airport/missed-flight-san-diego.html
[2026-01-19T19:33:12Z] UNCLASSIFIED_PAGE: public/who-do-i-call/university/lost-on-campus.html
[2026-01-19T19:33:12Z] UNCLASSIFIED_PAGE: public/after-reading/after-comparing-compliance-software.html
[2026-01-19T19:33:12Z] UNCLASSIFIED_PAGE: public/after-reading/finished-reading-about-compliance.html
[2026-01-19T19:33:12Z] UNCLASSIFIED_PAGE: public/after-reading/after-talking-to-vendors.html
[2026-01-19T19:33:12Z] SITEMAP PRESENT: 2052 URLs
[2026-01-19T19:33:12Z] PHASE 4 COMPLETE
[2026-01-19T19:33:12Z] SIDEGUY UNIFIED PASS COMPLETE
[2026-01-19T19:33:12Z] NO FILES DELETED
[2026-01-19T19:33:12Z] NO FILES FORCE-REWRITTEN
[2026-01-19T19:33:12Z] SYSTEM STABLE
