2026-01-20T17:27:11Z | UPGRADED | pages/ai-automation-automation-cardiff-by-the-sea.html | HUMAN_HELP | PRICE=25 | EEAT
2026-01-20T17:27:11Z | UPGRADED | pages/ai-automation-automation-carlsbad.html | HUMAN_HELP | PRICE=25 | EEAT
2026-01-20T17:27:11Z | UPGRADED | pages/ai-automation-automation-del-mar.html | HUMAN_HELP | PRICE=25 | EEAT
2026-01-20T17:27:11Z | UPGRADED | pages/ai-automation-automation-encinitas.html | HUMAN_HELP | PRICE=25 | EEAT
2026-01-20T17:27:11Z | UPGRADED | pages/ai-automation-automation-la-jolla.html | HUMAN_HELP | PRICE=25 | EEAT
2026-01-20T17:27:11Z | UPGRADED | pages/ai-automation-automation-oceanside.html | HUMAN_HELP | PRICE=25 | EEAT
2026-01-20T17:27:11Z | UPGRADED | pages/ai-automation-automation-san-diego.html | HUMAN_HELP | PRICE=25 | EEAT
2026-01-20T17:27:11Z | UPGRADED | pages/ai-automation-automation-solana-beach.html | HUMAN_HELP | PRICE=25 | EEAT
2026-01-20T17:27:11Z | UPGRADED | pages/ai-automation-cardiff-1.html | HUMAN_HELP | PRICE=25 | EEAT
2026-01-20T17:27:11Z | UPGRADED | pages/ai-automation-cardiff-2.html | HUMAN_HELP | PRICE=25 | EEAT
2026-01-20T17:27:11Z | UPGRADED | pages/ai-automation-cardiff-3.html | HUMAN_HELP | PRICE=25 | EEAT
2026-01-20T17:27:11Z | UPGRADED | pages/ai-automation-carlsbad-1.html | HUMAN_HELP | PRICE=25 | EEAT
2026-01-20T17:27:11Z | UPGRADED | pages/ai-automation-carlsbad-2.html | HUMAN_HELP | PRICE=25 | EEAT
2026-01-20T17:27:11Z | UPGRADED | pages/ai-automation-carlsbad-3.html | HUMAN_HELP | PRICE=25 | EEAT
2026-01-20T17:27:11Z | UPGRADED | pages/ai-automation-consulting-cardiff-by-the-sea.html | HUMAN_HELP | PRICE=25 | EEAT
2026-01-20T17:27:11Z | UPGRADED | pages/ai-automation-consulting-carlsbad.html | HUMAN_HELP | PRICE=25 | EEAT
2026-01-20T17:27:11Z | UPGRADED | pages/ai-automation-consulting-del-mar.html | HUMAN_HELP | PRICE=25 | EEAT
2026-01-20T17:27:11Z | UPGRADED | pages/ai-automation-consulting-encinitas.html | HUMAN_HELP | PRICE=25 | EEAT
2026-01-20T17:27:11Z | UPGRADED | pages/ai-automation-consulting-la-jolla.html | HUMAN_HELP | PRICE=25 | EEAT
2026-01-20T17:27:11Z | UPGRADED | pages/ai-automation-consulting-oceanside.html | HUMAN_HELP | PRICE=25 | EEAT
2026-01-20T17:27:11Z | UPGRADED | pages/ai-automation-consulting-san-diego.html | HUMAN_HELP | PRICE=25 | EEAT
2026-01-20T17:27:11Z | UPGRADED | pages/ai-automation-consulting-solana-beach.html | HUMAN_HELP | PRICE=25 | EEAT
2026-01-20T17:27:11Z | UPGRADED | pages/ai-automation-del-mar-1.html | HUMAN_HELP | PRICE=25 | EEAT
2026-01-20T17:27:11Z | UPGRADED | pages/ai-automation-del-mar-2.html | HUMAN_HELP | PRICE=25 | EEAT
2026-01-20T17:27:11Z | UPGRADED | pages/ai-automation-del-mar-3.html | HUMAN_HELP | PRICE=25 | EEAT
2026-01-20T17:27:11Z | UPGRADED | pages/ai-automation-encinitas-1.html | HUMAN_HELP | PRICE=25 | EEAT
2026-01-20T17:27:11Z | UPGRADED | pages/ai-automation-encinitas-2.html | HUMAN_HELP | PRICE=25 | EEAT
2026-01-20T17:27:11Z | UPGRADED | pages/ai-automation-encinitas-3.html | HUMAN_HELP | PRICE=25 | EEAT
2026-01-20T17:27:11Z | UPGRADED | pages/ai-automation-escondido-1.html | HUMAN_HELP | PRICE=25 | EEAT
2026-01-20T17:27:11Z | UPGRADED | pages/ai-automation-escondido-2.html | HUMAN_HELP | PRICE=25 | EEAT
2026-01-20T17:27:11Z | UPGRADED | pages/ai-automation-escondido-3.html | HUMAN_HELP | PRICE=25 | EEAT
2026-01-20T17:27:11Z | UPGRADED | pages/ai-automation-help-cardiff-by-the-sea.html | HUMAN_HELP | PRICE=25 | EEAT
2026-01-20T17:27:11Z | UPGRADED | pages/ai-automation-help-carlsbad.html | HUMAN_HELP | PRICE=25 | EEAT
2026-01-20T17:27:11Z | UPGRADED | pages/ai-automation-help-del-mar.html | HUMAN_HELP | PRICE=25 | EEAT
2026-01-20T17:27:11Z | UPGRADED | pages/ai-automation-help-encinitas.html | HUMAN_HELP | PRICE=25 | EEAT
2026-01-20T17:27:11Z | UPGRADED | pages/ai-automation-help-la-jolla.html | HUMAN_HELP | PRICE=25 | EEAT
2026-01-20T17:27:11Z | UPGRADED | pages/ai-automation-help-oceanside.html | HUMAN_HELP | PRICE=25 | EEAT
2026-01-20T17:27:11Z | UPGRADED | pages/ai-automation-help-san-diego.html | HUMAN_HELP | PRICE=25 | EEAT
2026-01-20T17:27:11Z | UPGRADED | pages/ai-automation-help-solana-beach.html | HUMAN_HELP | PRICE=25 | EEAT
2026-01-20T17:27:11Z | UPGRADED | pages/ai-automation-la-jolla-1.html | HUMAN_HELP | PRICE=25 | EEAT
2026-01-20T17:27:11Z | UPGRADED | pages/ai-automation-la-jolla-2.html | HUMAN_HELP | PRICE=25 | EEAT
2026-01-20T17:27:11Z | UPGRADED | pages/ai-automation-la-jolla-3.html | HUMAN_HELP | PRICE=25 | EEAT
2026-01-20T17:27:11Z | UPGRADED | pages/ai-automation-oceanside-1.html | HUMAN_HELP | PRICE=25 | EEAT
2026-01-20T17:27:11Z | UPGRADED | pages/ai-automation-oceanside-2.html | HUMAN_HELP | PRICE=25 | EEAT
