==============================
SIDEGUY SIGNAL DRIP v50
Run ID: 20260119-220652
Timestamp: 2026-01-19T22:06:52Z
==============================
CREATED: https://sideguy.solutions/signal-role-based-unders-20260119-220652.html
CREATED: https://sideguy.solutions/signal-why-unders-beat-overs-20260119-220652.html
CREATED: https://sideguy.solutions/signal-market-odds-vs-human-logic-20260119-220652.html
CREATED: https://sideguy.solutions/signal-ev-vs-vibes-20260119-220652.html
CREATED: https://sideguy.solutions/signal-how-to-read-prop-mispricing-20260119-220652.html
CREATED: https://sideguy.solutions/signal-betting-as-signal-not-gambling-20260119-220652.html
CREATED: https://sideguy.solutions/signal-why-small-edges-compound-20260119-220652.html
CREATED: https://sideguy.solutions/signal-how-to-avoid-parlay-traps-20260119-220652.html
CREATED: https://sideguy.solutions/signal-what-oddsjam-is-actually-doing-20260119-220652.html
CREATED: https://sideguy.solutions/signal-human-validation-layer-20260119-220652.html
CREATED: https://sideguy.solutions/signal-why-books-miss-role-players-20260119-220652.html
CREATED: https://sideguy.solutions/signal-how-ai-finds-mispricing-20260119-220652.html
CREATED: https://sideguy.solutions/signal-why-half-points-matter-20260119-220652.html
CREATED: https://sideguy.solutions/signal-market-consensus-vs-reality-20260119-220652.html
CREATED: https://sideguy.solutions/signal-why-unders-are-structural-20260119-220652.html
CREATED: https://sideguy.solutions/signal-betting-without-emotion-20260119-220652.html
CREATED: https://sideguy.solutions/signal-process-over-outcome-20260119-220652.html
CREATED: https://sideguy.solutions/signal-closing-line-value-explained-20260119-220652.html
CREATED: https://sideguy.solutions/signal-why-public-loves-overs-20260119-220652.html
CREATED: https://sideguy.solutions/signal-how-to-think-like-a-market-20260119-220652.html
CREATED: https://sideguy.solutions/signal-signal-not-sweat-20260119-220652.html
CREATED: https://sideguy.solutions/signal-why-most-bettors-lose-20260119-220652.html
CREATED: https://sideguy.solutions/signal-how-to-size-bets-correctly-20260119-220652.html
CREATED: https://sideguy.solutions/signal-when-not-to-bet-20260119-220652.html
CREATED: https://sideguy.solutions/signal-how-to-walk-away-20260119-220652.html
CREATED: https://sideguy.solutions/signal-why-variance-is-not-failure-20260119-220652.html
CREATED: https://sideguy.solutions/signal-how-to-log-decisions-20260119-220652.html
CREATED: https://sideguy.solutions/signal-why-role-matters-more-than-talent-20260119-220652.html
CREATED: https://sideguy.solutions/signal-market-friction-explained-20260119-220652.html
CREATED: https://sideguy.solutions/signal-human-context-layer-20260119-220652.html
CREATED: https://sideguy.solutions/signal-ai-plus-human-decision-20260119-220652.html
CREATED: https://sideguy.solutions/signal-why-this-is-not-gambling-20260119-220652.html
CREATED: https://sideguy.solutions/signal-betting-labs-explained-20260119-220652.html
CREATED: https://sideguy.solutions/signal-signal-engine-concept-20260119-220652.html
CREATED: https://sideguy.solutions/signal-why-edges-are-small-20260119-220652.html
CREATED: https://sideguy.solutions/signal-how-books-protect-themselves-20260119-220652.html
CREATED: https://sideguy.solutions/signal-why-recreational-money-moves-lines-20260119-220652.html
CREATED: https://sideguy.solutions/signal-how-to-read-line-movement-20260119-220652.html
CREATED: https://sideguy.solutions/signal-market-timing-basics-20260119-220652.html
CREATED: https://sideguy.solutions/signal-why-unders-age-well-20260119-220652.html
CREATED: https://sideguy.solutions/signal-why-stars-are-overpriced-20260119-220652.html
CREATED: https://sideguy.solutions/signal-why-casual-bettors-chase-20260119-220652.html
CREATED: https://sideguy.solutions/signal-how-to-build-a-betting-system-20260119-220652.html
CREATED: https://sideguy.solutions/signal-why-this-is-like-a-soundcheck-20260119-220652.html
CREATED: https://sideguy.solutions/signal-calm-money-framework-20260119-220652.html
CREATED: https://sideguy.solutions/signal-clarity-before-cost-20260119-220652.html
CREATED: https://sideguy.solutions/signal-human-in-the-loop-model-20260119-220652.html
CREATED: https://sideguy.solutions/signal-why-sideguy-exists-20260119-220652.html
==============================
TOTAL PAGES CREATED: 48
LOG FILE: logs/signal-drip-20260119-220652.log
STATUS: COMPLETE
==============================
